Log file open, 01/16/19 09:02:19
LogWindows: Failed to load 'aqProf.dll' (GetLastError=126)
LogWindows: File 'aqProf.dll' does not exist
LogWindows: Failed to load 'VtuneApi.dll' (GetLastError=126)
LogWindows: File 'VtuneApi.dll' does not exist
LogWindows: Failed to load 'VtuneApi32e.dll' (GetLastError=126)
LogWindows: File 'VtuneApi32e.dll' does not exist
LogInit: Display: Running engine for game: NBA_icwhitebox001
LogPlatformFile: Not using cached read wrapper
LogTaskGraph: Started task graph with 5 named threads and 23 total threads with 3 sets of task threads.
LogStats: Stats thread started at 0.277983
LogD3D11RHI: Loaded GFSDK_Aftermath_Lib.x64.dll
LogICUInternationalization: Display: ICU TimeZone Detection - Raw Offset: -7:00, Platform Override: ''
LogPluginManager: Mounting plugin Paper2D
LogPluginManager: Mounting plugin AISupport
LogPluginManager: Mounting plugin LightPropagationVolume
LogPluginManager: Mounting plugin CLionSourceCodeAccess
LogPluginManager: Mounting plugin CodeLiteSourceCodeAccess
LogPluginManager: Mounting plugin GitSourceControl
LogPluginManager: Mounting plugin KDevelopSourceCodeAccess
LogPluginManager: Mounting plugin NullSourceCodeAccess
LogPluginManager: Mounting plugin PerforceSourceControl
LogPluginManager: Mounting plugin SubversionSourceControl
LogPluginManager: Mounting plugin UObjectPlugin
LogPluginManager: Mounting plugin VisualStudioCodeSourceCodeAccess
LogPluginManager: Mounting plugin VisualStudioSourceCodeAccess
LogPluginManager: Mounting plugin XCodeSourceCodeAccess
LogPluginManager: Mounting plugin AssetManagerEditor
LogPluginManager: Mounting plugin CryptoKeys
LogPluginManager: Mounting plugin DataValidation
LogPluginManager: Mounting plugin FacialAnimation
LogPluginManager: Mounting plugin GameplayTagsEditor
LogPluginManager: Mounting plugin MacGraphicsSwitching
LogPluginManager: Mounting plugin MeshEditor
LogPluginManager: Mounting plugin MobileLauncherProfileWizard
LogPluginManager: Mounting plugin PluginBrowser
LogPluginManager: Mounting plugin SpeedTreeImporter
LogPluginManager: Mounting plugin DatasmithContent
LogPluginManager: Mounting plugin AlembicImporter
LogPluginManager: Mounting plugin AppleImageUtils
LogPluginManager: Mounting plugin AppleVision
LogPluginManager: Mounting plugin BackChannel
LogPluginManager: Mounting plugin CharacterAI
LogPluginManager: Mounting plugin GeometryCache
LogPluginManager: Mounting plugin HTML5Networking
LogPluginManager: Mounting plugin ProxyLODPlugin
LogPluginManager: Mounting plugin MagicLeap
LogPluginManager: Mounting plugin MagicLeapEmulator
LogPluginManager: Mounting plugin MagicLeapMedia
LogPluginManager: Mounting plugin AndroidMedia
LogPluginManager: Mounting plugin AvfMedia
LogPluginManager: Mounting plugin ImgMedia
LogPluginManager: Mounting plugin LinearTimecode
LogPluginManager: Mounting plugin MediaCompositing
LogPluginManager: Mounting plugin MediaPlayerEditor
LogPluginManager: Mounting plugin WmfMedia
LogPluginManager: Mounting plugin TcpMessaging
LogPluginManager: Mounting plugin UdpMessaging
LogPluginManager: Mounting plugin ActorSequence
LogPluginManager: Mounting plugin LevelSequenceEditor
LogPluginManager: Mounting plugin MatineeToLevelSequence
LogPluginManager: Mounting plugin NetcodeUnitTest
LogPluginManager: Mounting plugin NUTUnrealEngine4
LogPluginManager: Mounting plugin OnlineSubsystemGooglePlay
LogPluginManager: Mounting plugin OnlineSubsystemIOS
LogPluginManager: Mounting plugin OnlineSubsystem
LogPluginManager: Mounting plugin OnlineSubsystemNull
LogPluginManager: Mounting plugin OnlineSubsystemUtils
LogPluginManager: Mounting plugin LauncherChunkInstaller
LogPluginManager: Mounting plugin AndroidDeviceProfileSelector
LogPluginManager: Mounting plugin AndroidMoviePlayer
LogPluginManager: Mounting plugin AndroidPermission
LogPluginManager: Mounting plugin AppleMoviePlayer
LogPluginManager: Mounting plugin ArchVisCharacter
LogPluginManager: Mounting plugin AudioCapture
LogPluginManager: Mounting plugin CableComponent
LogPluginManager: Mounting plugin CustomMeshComponent
LogPluginManager: Mounting plugin EditableMesh
LogPluginManager: Mounting plugin ExampleDeviceProfileSelector
LogPluginManager: Mounting plugin GoogleCloudMessaging
LogPluginManager: Mounting plugin ImmediatePhysics
LogPluginManager: Mounting plugin IOSDeviceProfileSelector
LogPluginManager: Mounting plugin LinuxDeviceProfileSelector
LogPluginManager: Mounting plugin LocationServicesBPLibrary
LogPluginManager: Mounting plugin MobilePatchingUtils
LogPluginManager: Mounting plugin OculusVR
LogPluginManager: Plugin shader directory ../../../Engine/Plugins/Runtime/Oculus/OculusVR/Shaders found
LogPluginManager: Mapping shader source directory ../../../Engine/Plugins/Runtime/Oculus/OculusVR/Shaders to virtual directory /Plugin/OculusVR
LogPluginManager: Mounting plugin PhysXVehicles
LogPluginManager: Mounting plugin ProceduralMeshComponent
LogPluginManager: Mounting plugin RuntimePhysXCooking
LogPluginManager: Mounting plugin SteamVR
LogPluginManager: Mounting plugin WindowsMoviePlayer
LogStreaming: Display: Took  0.092s to configure plugins.
LogInit: Using libcurl 7.55.1-DEV
LogInit:  - built for x86_64-pc-win32
LogInit:  - supports SSL with OpenSSL/1.0.2h
LogInit:  - supports HTTP deflate (compression) using libz 1.2.8
LogInit:  - other features:
LogInit:      CURL_VERSION_SSL
LogInit:      CURL_VERSION_LIBZ
LogInit:      CURL_VERSION_IPV6
LogInit:      CURL_VERSION_ASYNCHDNS
LogInit:      CURL_VERSION_LARGEFILE
LogInit:      CURL_VERSION_IDN
LogInit:  CurlRequestOptions (configurable via config and command line):
LogInit:  - bVerifyPeer = false  - Libcurl will NOT verify peer certificate
LogInit:  - bUseHttpProxy = false  - Libcurl will NOT use HTTP proxy
LogInit:  - bDontReuseConnections = false  - Libcurl will reuse connections
LogInit:  - CertBundlePath = nullptr  - Libcurl will use whatever was configured at build time.
LogInit:  - MaxHostConnections = 16  - Libcurl will limit the number of connections to a host
LogInit:  - LocalHostAddr = Default
LogInit:  - BufferSize = 65536
LogInit: WinSock: version 1.1 (2.2), MaxSocks=32767, MaxUdp=65467
LogInit: Build: ++UE4+Release-4.20-CL-4369336
LogInit: Engine Version: 4.20.3-4369336+++UE4+Release-4.20
LogInit: Compatible Engine Version: 4.20.0-4212847+++UE4+Release-4.20
LogInit: Net CL: 4212847
LogInit: OS: Windows 10 (), CPU: Intel(R) Core(TM) i7-8809G CPU @ 3.10GHz, GPU: Radeon RX Vega M GH Graphics
LogInit: Compiled (64-bit): Sep 17 2018 12:26:19
LogInit: Compiled with Visual C++: 19.13.26129.00
LogInit: Build Configuration: Development
LogInit: Branch Name: ++UE4+Release-4.20
LogInit: Command Line: -EpicPortal  -epicusername="Nba408" -epicuserid=23e2bb89a1fb4b5fb22f850da633a2c9 -epiclocale=en-US
LogInit: Base Directory: C:/Program Files/Epic Games/UE_4.20/Engine/Binaries/Win64/
LogInit: Installed Engine Build: 1
LogDevObjectVersion: Number of dev versions registered: 20
LogDevObjectVersion:   Dev-Blueprints (B0D832E4-1F89-4F0D-ACCF-7EB736FD4AA2): 10
LogDevObjectVersion:   Dev-Build (E1C64328-A22C-4D53-A36C-8E866417BD8C): 0
LogDevObjectVersion:   Dev-Core (375EC13C-06E4-48FB-B500-84F0262A717E): 2
LogDevObjectVersion:   Dev-Editor (E4B068ED-F494-42E9-A231-DA0B2E46BB41): 24
LogDevObjectVersion:   Dev-Framework (CFFC743F-43B0-4480-9391-14DF171D2073): 34
LogDevObjectVersion:   Dev-Mobile (B02B49B5-BB20-44E9-A304-32B752E40360): 2
LogDevObjectVersion:   Dev-Networking (A4E4105C-59A1-49B5-A7C5-40C4547EDFEE): 0
LogDevObjectVersion:   Dev-Online (39C831C9-5AE6-47DC-9A44-9C173E1C8E7C): 0
LogDevObjectVersion:   Dev-Physics (78F01B33-EBEA-4F98-B9B4-84EACCB95AA2): 0
LogDevObjectVersion:   Dev-Platform (6631380F-2D4D-43E0-8009-CF276956A95A): 0
LogDevObjectVersion:   Dev-Rendering (12F88B9F-8875-4AFC-A67C-D90C383ABD29): 26
LogDevObjectVersion:   Dev-Sequencer (7B5AE74C-D270-4C10-A958-57980B212A5A): 9
LogDevObjectVersion:   Dev-VR (D7296918-1DD6-4BDD-9DE2-64A83CC13884): 2
LogDevObjectVersion:   Dev-LoadTimes (C2A15278-BFE7-4AFE-6C17-90FF531DF755): 1
LogDevObjectVersion:   Private-Geometry (6EACA3D4-40EC-4CC1-B786-8BED09428FC5): 3
LogDevObjectVersion:   Dev-AnimPhys (29E575DD-E0A3-4627-9D10-D276232CDCEA): 17
LogDevObjectVersion:   Dev-ReflectionCapture (6B266CEC-1EC7-4B8F-A30B-E4D90942FC07): 1
LogDevObjectVersion:   Dev-Automation (0DF73D61-A23F-47EA-B727-89E90C41499A): 1
LogDevObjectVersion:   FortniteMain (601D1886-AC64-4F84-AA16-D3DE0DEAC7D6): 12
LogDevObjectVersion:   Dev-Enterprise (9DFFBCD6-494F-0158-E221-12823C92A888): 1
LogStreaming: Display: Took  0.000s to delete old logs.
LogInit: Presizing for max 8388607 objects, including 0 objects not considered by GC, pre-allocating 0 bytes for permanent pool.
LogInit: Object subsystem initialized
[2019.01.16-16.02.19:720][  0]LogInit: Selected Device Profile: [Windows]
[2019.01.16-16.02.19:720][  0]LogInit: Applying CVar settings loaded from the selected device profile: [Windows]
[2019.01.16-16.02.19:732][  0]LogHAL: Display: Platform has ~ 16 GB [17094639616 / 17179869184 / 16], which maps to Larger [LargestMinGB=32, LargerMinGB=12, DefaultMinGB=8, SmallerMinGB=6, SmallestMinGB=0)
[2019.01.16-16.02.19:732][  0]LogInit: Setting Device Profile CVar: [[r.Vulkan.UseRealUBs:1]]
[2019.01.16-16.02.19:732][  0]LogInit: Going up to parent DeviceProfile []
[2019.01.16-16.02.19:732][  0]LogInit: Computer: eae-n-016
[2019.01.16-16.02.19:732][  0]LogInit: User: u1129548
[2019.01.16-16.02.19:733][  0]LogInit: CPU Page size=4096, Cores=4
[2019.01.16-16.02.19:733][  0]LogInit: High frequency timer resolution =3.023436 MHz
[2019.01.16-16.02.19:733][  0]LogMemory: Memory total: Physical=15.9GB (16GB approx)
[2019.01.16-16.02.19:733][  0]LogMemory: Platform Memory Stats for Windows
[2019.01.16-16.02.19:733][  0]LogMemory: Process Physical Memory: 99.60 MB used, 99.60 MB peak
[2019.01.16-16.02.19:733][  0]LogMemory: Process Virtual Memory: 90.95 MB used, 90.95 MB peak
[2019.01.16-16.02.19:733][  0]LogMemory: Physical Memory: 6402.31 MB used,  9900.41 MB free, 16302.72 MB total
[2019.01.16-16.02.19:733][  0]LogMemory: Virtual Memory: 4640.71 MB used,  9900.41 MB free, 134217728.00 MB total
[2019.01.16-16.02.19:747][  0]LogInit: Using OS detected language (en-US).
[2019.01.16-16.02.19:747][  0]LogInit: Using OS detected locale (en-US).
[2019.01.16-16.02.19:748][  0]LogTextLocalizationManager: No specific localization for 'en-US' exists, so the 'en' localization will be used.
[2019.01.16-16.02.20:064][  0]LogStreaming: Display: Took  0.316s to InitEngineTextLocalization.
[2019.01.16-16.02.20:064][  0]LogInit: Setting process to per monitor DPI aware
[2019.01.16-16.02.20:097][  0]LogSlate: New Slate User Created.  User Index 0, Is Virtual User: 0
[2019.01.16-16.02.20:097][  0]LogSlate: Slate User Registered.  User Index 0, Is Virtual User: 0
[2019.01.16-16.02.20:265][  0]LogHMD: Failed to initialize OpenVR with code 110
[2019.01.16-16.02.20:265][  0]LogD3D11RHI: D3D11 adapters:
[2019.01.16-16.02.20:297][  0]LogD3D11RHI:    0. 'Radeon RX Vega M GH Graphics' (Feature Level 11_0)
[2019.01.16-16.02.20:297][  0]LogD3D11RHI:       4042/0/8151 MB DedicatedVideo/DedicatedSystem/SharedSystem, Outputs:1, VendorId:0x1002
[2019.01.16-16.02.20:308][  0]LogD3D11RHI:    1. 'Intel(R) HD Graphics 630' (Feature Level 11_0)
[2019.01.16-16.02.20:308][  0]LogD3D11RHI:       128/0/8151 MB DedicatedVideo/DedicatedSystem/SharedSystem, Outputs:0, VendorId:0x8086
[2019.01.16-16.02.20:310][  0]LogD3D11RHI:    2. 'Microsoft Basic Render Driver' (Feature Level 11_0)
[2019.01.16-16.02.20:310][  0]LogD3D11RHI:       0/0/8151 MB DedicatedVideo/DedicatedSystem/SharedSystem, Outputs:0, VendorId:0x1414
[2019.01.16-16.02.20:310][  0]LogD3D11RHI: Chosen D3D11 Adapter: 0
[2019.01.16-16.02.20:318][  0]LogD3D11RHI: Creating new Direct3DDevice
[2019.01.16-16.02.20:318][  0]LogD3D11RHI:     GPU DeviceId: 0x694c (for the marketing name, search the web for "GPU Device Id")
[2019.01.16-16.02.20:318][  0]LogWindows: EnumDisplayDevices:
[2019.01.16-16.02.20:318][  0]LogWindows:    0. 'Radeon RX Vega M GH Graphics' (P:1 D:1)
[2019.01.16-16.02.20:318][  0]LogWindows:    1. 'Radeon RX Vega M GH Graphics' (P:0 D:0)
[2019.01.16-16.02.20:319][  0]LogWindows:    2. 'Radeon RX Vega M GH Graphics' (P:0 D:0)
[2019.01.16-16.02.20:319][  0]LogWindows:    3. 'Radeon RX Vega M GH Graphics' (P:0 D:0)
[2019.01.16-16.02.20:319][  0]LogWindows:    4. 'Radeon RX Vega M GH Graphics' (P:0 D:0)
[2019.01.16-16.02.20:319][  0]LogWindows:    5. 'Radeon RX Vega M GH Graphics' (P:0 D:0)
[2019.01.16-16.02.20:319][  0]LogWindows:    6. 'Radeon RX Vega M GH Graphics' (P:0 D:0)
[2019.01.16-16.02.20:320][  0]LogWindows:    7. 'Intel(R) HD Graphics 630' (P:0 D:0)
[2019.01.16-16.02.20:320][  0]LogWindows:    8. 'Intel(R) HD Graphics 630' (P:0 D:0)
[2019.01.16-16.02.20:320][  0]LogWindows: DebugString: PrimaryIsNotTheChoosenAdapter PrimaryIsNotTheChoosenAdapter FoundDriverCount:7 
[2019.01.16-16.02.20:320][  0]LogD3D11RHI:     Adapter Name: Radeon RX Vega M GH Graphics
[2019.01.16-16.02.20:320][  0]LogD3D11RHI:   Driver Version: Adrenalin 18.9.1 (internal:24.20.11026.2001, unified:24.20.11026.2001)
[2019.01.16-16.02.20:320][  0]LogD3D11RHI:      Driver Date: 8-30-2018
[2019.01.16-16.02.20:320][  0]LogRHI: Texture pool is 2829 MB (70% of 4042 MB)
[2019.01.16-16.02.20:382][  0]LogD3D11RHI: Async texture creation enabled
[2019.01.16-16.02.20:393][  0]LogD3D11RHI: GPU Timing Frequency: 25.000000 (Debug: 2 1)
[2019.01.16-16.02.20:395][  0]LogShaderCompilers: Guid format shader working directory is -37 characters bigger than the processId version (../../../../../../Users/u1129548/Documents/GitHub/NBA_AssetPipeline/NBA_icwhitebox001/Intermediate/Shaders/WorkingDirectory/10720/).
[2019.01.16-16.02.20:395][  0]LogShaderCompilers: Cleaned the shader compiler working directory 'C:/Users/u1129548/AppData/Local/Temp/UnrealShaderWorkingDir/19D88EF6480309B41D4ABF94C351A4EE/'.
[2019.01.16-16.02.20:638][  0]LogTemp: Display: Loaded TP AllDesktopTargetPlatform
[2019.01.16-16.02.20:650][  0]LogTemp: Display: Loaded TP MacClientTargetPlatform
[2019.01.16-16.02.20:661][  0]LogTemp: Display: Loaded TP MacNoEditorTargetPlatform
[2019.01.16-16.02.20:672][  0]LogTemp: Display: Loaded TP MacServerTargetPlatform
[2019.01.16-16.02.20:684][  0]LogTemp: Display: Loaded TP MacTargetPlatform
[2019.01.16-16.02.20:695][  0]LogTemp: Display: Loaded TP WindowsClientTargetPlatform
[2019.01.16-16.02.20:707][  0]LogTemp: Display: Loaded TP WindowsNoEditorTargetPlatform
[2019.01.16-16.02.20:720][  0]LogTemp: Display: Loaded TP WindowsServerTargetPlatform
[2019.01.16-16.02.20:726][  0]LogTemp: Display: Loaded TP WindowsTargetPlatform
[2019.01.16-16.02.20:796][  0]LogTemp: Display: Loaded TP AndroidTargetPlatform
[2019.01.16-16.02.20:796][  0]LogTemp: Display: Loaded TP AndroidTargetPlatform
[2019.01.16-16.02.20:796][  0]LogTemp: Display: Loaded TP AndroidTargetPlatform
[2019.01.16-16.02.20:796][  0]LogTemp: Display: Loaded TP AndroidTargetPlatform
[2019.01.16-16.02.20:796][  0]LogTemp: Display: Loaded TP AndroidTargetPlatform
[2019.01.16-16.02.20:796][  0]LogTemp: Display: Loaded TP AndroidTargetPlatform
[2019.01.16-16.02.20:796][  0]LogTemp: Display: Loaded TP AndroidTargetPlatform
[2019.01.16-16.02.20:796][  0]LogTemp: Display: Loaded TP AndroidTargetPlatform
[2019.01.16-16.02.20:796][  0]LogTemp: Display: Loaded TP AndroidTargetPlatform
[2019.01.16-16.02.20:796][  0]LogTemp: Display: Loaded TP AndroidTargetPlatform
[2019.01.16-16.02.20:796][  0]LogTemp: Display: Loaded TP AndroidTargetPlatform
[2019.01.16-16.02.20:796][  0]LogTemp: Display: Loaded TP AndroidTargetPlatform
[2019.01.16-16.02.20:796][  0]LogTemp: Display: Loaded TP AndroidTargetPlatform
[2019.01.16-16.02.20:796][  0]LogTemp: Display: Loaded TP AndroidTargetPlatform
[2019.01.16-16.02.20:796][  0]LogTemp: Display: Loaded TP AndroidTargetPlatform
[2019.01.16-16.02.20:796][  0]LogTemp: Display: Loaded TP AndroidTargetPlatform
[2019.01.16-16.02.20:796][  0]LogTemp: Display: Loaded TP AndroidTargetPlatform
[2019.01.16-16.02.20:796][  0]LogTemp: Display: Loaded TP AndroidTargetPlatform
[2019.01.16-16.02.20:797][  0]LogTemp: Display: Loaded TP HTML5TargetPlatform
[2019.01.16-16.02.20:854][  0]LogTemp: Display: Loaded TP IOSTargetPlatform
[2019.01.16-16.02.20:854][  0]LogTemp: Display: Loaded TP IOSTargetPlatform
[2019.01.16-16.02.20:873][  0]LogTemp: Display: Loaded TP TVOSTargetPlatform
[2019.01.16-16.02.20:873][  0]LogTemp: Display: Loaded TP TVOSTargetPlatform
[2019.01.16-16.02.20:882][  0]LogTemp: Display: Loaded TP LinuxClientTargetPlatform
[2019.01.16-16.02.20:892][  0]LogTemp: Display: Loaded TP LinuxNoEditorTargetPlatform
[2019.01.16-16.02.20:902][  0]LogTemp: Display: Loaded TP LinuxServerTargetPlatform
[2019.01.16-16.02.20:913][  0]LogTemp: Display: Loaded TP LinuxTargetPlatform
[2019.01.16-16.02.20:921][  0]LogTemp: Display: Loaded TP LuminTargetPlatform
[2019.01.16-16.02.20:921][  0]LogTargetPlatformManager: Display: Building Assets For Windows
[2019.01.16-16.02.20:978][  0]LogXGEController: Cannot use XGE Controller as Incredibuild is not installed on this machine.
[2019.01.16-16.02.20:978][  0]LogShaderCompilers: Cannot use XGE Shader Compiler as Incredibuild is not installed on this machine.
[2019.01.16-16.02.20:978][  0]LogShaderCompilers: Display: Using Local Shader Compiler.
[2019.01.16-16.02.21:621][  0]LogDerivedDataCache: Display: Max Cache Size: 512 MB
[2019.01.16-16.02.21:684][  0]LogDerivedDataCache: Loaded boot cache 0.06s 87MB C:/Users/u1129548/AppData/Local/UnrealEngine/4.20/DerivedDataCache/Boot.ddc.
[2019.01.16-16.02.21:685][  0]LogDerivedDataCache: Display: Loaded Boot cache: C:/Users/u1129548/AppData/Local/UnrealEngine/4.20/DerivedDataCache/Boot.ddc
[2019.01.16-16.02.21:685][  0]LogDerivedDataCache: FDerivedDataBackendGraph:  Pak pak cache file ../../../../../../Users/u1129548/Documents/GitHub/NBA_AssetPipeline/NBA_icwhitebox001/DerivedDataCache/DDC.ddp not found, will not use a pak cache.
[2019.01.16-16.02.21:685][  0]LogDerivedDataCache: Unable to find inner node Pak for hierarchical cache Hierarchy.
[2019.01.16-16.02.21:685][  0]LogDerivedDataCache: FDerivedDataBackendGraph:  CompressedPak pak cache file ../../../../../../Users/u1129548/Documents/GitHub/NBA_AssetPipeline/NBA_icwhitebox001/DerivedDataCache/Compressed.ddp not found, will not use a pak cache.
[2019.01.16-16.02.21:685][  0]LogDerivedDataCache: Unable to find inner node CompressedPak for hierarchical cache Hierarchy.
[2019.01.16-16.02.21:696][  0]LogDerivedDataCache: Display: Pak cache opened for reading ../../../Engine/DerivedDataCache/Compressed.ddp.
[2019.01.16-16.02.21:709][  0]LogDerivedDataCache: Using Local data cache path C:/Users/u1129548/AppData/Local/UnrealEngine/Common/DerivedDataCache: Writable
[2019.01.16-16.02.21:709][  0]LogDerivedDataCache: Shared data cache path not found in *engine.ini, will not use an Shared cache.
[2019.01.16-16.02.21:709][  0]LogDerivedDataCache: Unable to find inner node Shared for hierarchical cache Hierarchy.
[2019.01.16-16.02.21:725][  0]LogMaterial: Verifying Global Shaders for PCD3D_SM5
[2019.01.16-16.02.21:727][  0]LogSlate: Using FreeType 2.6.0
[2019.01.16-16.02.21:727][  0]LogSlate: SlateFontServices - WITH_FREETYPE: 1, WITH_HARFBUZZ: 1
[2019.01.16-16.02.21:796][  0]LogAssetRegistry: FAssetRegistry took 0.0260 seconds to start up
[2019.01.16-16.02.22:068][  0]LogInit: Selected Device Profile: [Windows]
[2019.01.16-16.02.22:183][  0]LogSimplygon: Simplygon DLL not present - disabling.
[2019.01.16-16.02.22:186][  0]LogMeshReduction: Using SimplygonSwarm for distributed automatic mesh merging
[2019.01.16-16.02.22:186][  0]LogMeshReduction: Using ProxyLODMeshReduction for automatic mesh merging
[2019.01.16-16.02.22:186][  0]LogMeshReduction: Using QuadricMeshReduction for automatic static mesh reduction
[2019.01.16-16.02.22:186][  0]LogMeshReduction: No automatic skeletal mesh reduction module available
[2019.01.16-16.02.22:199][  0]LogNetVersion: NBA_icwhitebox001 1.0.0, NetCL: 4212847, EngineNetVer: 5, GameNetVer: 0 (Checksum: 1136655173)
[2019.01.16-16.02.22:649][  0]LogPackageLocalizationCache: Processed 11 localized package path(s) for 2 prioritized culture(s) in 0.091219 seconds
[2019.01.16-16.02.22:655][  0]LogUObjectArray: 38425 objects as part of root set at end of initial load.
[2019.01.16-16.02.22:655][  0]LogUObjectAllocator: 6690872 out of 0 bytes used by permanent object pool.
[2019.01.16-16.02.22:655][  0]LogUObjectArray: CloseDisregardForGC: 0/0 objects in disregard for GC pool
[2019.01.16-16.02.23:388][  0]LogTcpMessaging: Initializing TcpMessaging bridge
[2019.01.16-16.02.23:401][  0]LogUdpMessaging: Initializing bridge on interface 0.0.0.0:0 to multicast group 230.0.0.1:6666.
[2019.01.16-16.02.23:531][  0]SourceControl: Source control is disabled
[2019.01.16-16.02.23:531][  0]SourceControl: Source control is disabled
[2019.01.16-16.02.23:532][  0]SourceControl: Source control is disabled
[2019.01.16-16.02.23:533][  0]SourceControl: Source control is disabled
[2019.01.16-16.02.23:688][  0]LogAndroidPermission: UAndroidPermissionCallbackProxy::GetInstance
[2019.01.16-16.02.23:761][  0]LogOcInput: OculusInput pre-init called
[2019.01.16-16.02.23:816][  0]LogEngine: Initializing Engine...
[2019.01.16-16.02.23:817][  0]LogHMD: Failed to initialize OpenVR with code 110
[2019.01.16-16.02.23:819][  0]LogStats: UGameplayTagsManager::ConstructGameplayTagTree: ImportINI prefixes -  0.000 s
[2019.01.16-16.02.23:819][  0]LogStats: UGameplayTagsManager::ConstructGameplayTagTree: Construct from data asset -  0.000 s
[2019.01.16-16.02.23:819][  0]LogStats: UGameplayTagsManager::ConstructGameplayTagTree: ImportINI -  0.000 s
[2019.01.16-16.02.23:819][  0]LogStats: UGameplayTagsManager::ConstructGameplayTagTree: GameplayTagTreeChangedEvent.Broadcast -  0.000 s
[2019.01.16-16.02.24:007][  0]LogInit: Initializing FReadOnlyCVARCache
[2019.01.16-16.02.24:022][  0]LogAIModule: Creating AISystem for world Untitled
[2019.01.16-16.02.24:053][  0]LogInit: XAudio2 using '1 - CintiqPro24P (AMD High Definition Audio Device)' : 2 channels at 48 kHz using 16 bits per sample (channel mask 0x3)
[2019.01.16-16.02.24:078][  0]LogInit: FAudioDevice initialized.
[2019.01.16-16.02.24:078][  0]LogNetVersion: Set ProjectVersion to 1.0.0.0. Version Checksum will be recalculated on next use.
[2019.01.16-16.02.24:158][  0]LogDerivedDataCache: Saved boot cache 0.08s 71MB C:/Users/u1129548/AppData/Local/UnrealEngine/4.20/DerivedDataCache/Boot.ddc.
[2019.01.16-16.02.24:170][  0]LogInit: Texture streaming: Enabled
[2019.01.16-16.02.24:186][  0]LogEngineSessionManager: EngineSessionManager initialized
[2019.01.16-16.02.24:198][  0]LogInit: Transaction tracking system initialized
[2019.01.16-16.02.24:220][  0]BlueprintLog: New page: Editor Load
[2019.01.16-16.02.24:313][  0]LocalizationService: Localization service is disabled
[2019.01.16-16.02.24:538][  0]LogCook: Display: Max memory allowance for cook 16384mb min free memory 0mb
[2019.01.16-16.02.24:538][  0]LogCook: Display: Mobile HDR setting 1
[2019.01.16-16.02.24:538][  0]LogGameplayTags: Display: UGameplayTagsManager::DoneAddingNativeTags. DelegateIsBound: 0
[2019.01.16-16.02.24:538][  0]LogStats: UGameplayTagsManager::ConstructGameplayTagTree: ImportINI prefixes -  0.000 s
[2019.01.16-16.02.24:538][  0]LogStats: UGameplayTagsManager::ConstructGameplayTagTree: Construct from data asset -  0.000 s
[2019.01.16-16.02.24:538][  0]LogStats: UGameplayTagsManager::ConstructGameplayTagTree: ImportINI -  0.000 s
[2019.01.16-16.02.24:538][  0]LogStats: UGameplayTagsManager::ConstructGameplayTagTree: GameplayTagTreeChangedEvent.Broadcast -  0.000 s
[2019.01.16-16.02.24:665][  0]LogFileCache: Scanning file cache for directory 'C:/Users/u1129548/Documents/GitHub/NBA_AssetPipeline/NBA_icwhitebox001/Content/' took 0.01s
[2019.01.16-16.02.24:665][  0]SourceControl: Source control is disabled
[2019.01.16-16.02.24:665][  0]Cmd: MAP LOAD FILE="../../../Engine/Content/Maps/Templates/Template_Default.umap" TEMPLATE=1 SHOWPROGRESS=1 FEATURELEVEL=3
[2019.01.16-16.02.24:665][  0]LightingResults: New page: Lighting Build
[2019.01.16-16.02.24:668][  0]MapCheck: New page: Map Check
[2019.01.16-16.02.24:668][  0]LightingResults: New page: Lighting Build
[2019.01.16-16.02.24:846][  0]LogAIModule: Creating AISystem for world Untitled_1
[2019.01.16-16.02.24:851][  0]LogEditorServer: Finished looking for orphan Actors (0.000 secs)
[2019.01.16-16.02.24:872][  0]Cmd: MAP CHECKDEP NOCLEARLOG
[2019.01.16-16.02.24:932][  0]MapCheck: Map check complete: 0 Error(s), 0 Warning(s), took 59.255ms to complete.
[2019.01.16-16.02.24:932][  0]LogFileHelpers: Loading map 'Template_Default' took 0.267
[2019.01.16-16.02.25:018][  0]LogSlate: Updating window title bar state: overlay mode, drag disabled, window buttons hidden, title bar hidden
[2019.01.16-16.02.25:025][  0]LogSlate: Updating window title bar state: overlay mode, drag disabled, window buttons hidden, title bar hidden
[2019.01.16-16.02.25:031][  0]LogSlate: Updating window title bar state: overlay mode, drag disabled, window buttons hidden, title bar hidden
[2019.01.16-16.02.25:037][  0]LogSlate: Updating window title bar state: overlay mode, drag disabled, window buttons hidden, title bar hidden
[2019.01.16-16.02.25:043][  0]LogCollectionManager: Loaded 0 collections in 0.001882 seconds
[2019.01.16-16.02.25:084][  0]LogFileCache: Scanning file cache for directory 'C:/Users/u1129548/Documents/GitHub/NBA_AssetPipeline/NBA_icwhitebox001/Saved/Collections/' took 0.01s
[2019.01.16-16.02.25:084][  0]LogFileCache: Scanning file cache for directory 'C:/Users/u1129548/Documents/GitHub/NBA_AssetPipeline/NBA_icwhitebox001/Content/Developers/u1129548/Collections/' took 0.01s
[2019.01.16-16.02.25:084][  0]LogFileCache: Scanning file cache for directory 'C:/Users/u1129548/Documents/GitHub/NBA_AssetPipeline/NBA_icwhitebox001/Content/Collections/' took 0.01s
[2019.01.16-16.02.25:084][  0]LogCollectionManager: Rebuilt the GUID cache for 0 collections in 0.000000 seconds
[2019.01.16-16.02.25:092][  0]LogContentBrowser: Native class hierarchy populated in 0.0077 seconds. Added 2572 classes and 603 folders.
[2019.01.16-16.02.25:100][  0]LogContentBrowser: Native class hierarchy updated for 'WidgetCarousel' in 0.0002 seconds. Added 0 classes and 0 folders.
[2019.01.16-16.02.25:144][  0]LogContentBrowser: Native class hierarchy updated for 'AddContentDialog' in 0.0002 seconds. Added 0 classes and 0 folders.
[2019.01.16-16.02.25:147][  0]LogContentBrowser: Native class hierarchy updated for 'SceneOutliner' in 0.0002 seconds. Added 1 classes and 2 folders.
[2019.01.16-16.02.25:160][  0]LogSlate: Took 0.000170 seconds to synchronously load lazily loaded font '../../../Engine/Content/Slate/Fonts/Roboto-Regular.ttf' (155K)
[2019.01.16-16.02.25:162][  0]LogSlate: Took 0.000279 seconds to synchronously load lazily loaded font '../../../Engine/Content/Slate/Fonts/Roboto-Bold.ttf' (160K)
[2019.01.16-16.02.25:167][  0]LogSlate: Took 0.000262 seconds to synchronously load lazily loaded font '../../../Engine/Content/Editor/Slate/Fonts/FontAwesome.ttf' (139K)
[2019.01.16-16.02.25:236][  0]LogRenderer: Reallocating scene render targets to support 1208x576 Format 10 NumSamples 1 (Frame:1).
[2019.01.16-16.02.25:400][  0]LogContentBrowser: Native class hierarchy updated for 'HierarchicalLODOutliner' in 0.0004 seconds. Added 0 classes and 0 folders.
[2019.01.16-16.02.25:400][  0]LogLoad: (Engine Initialization) Total time: 7.40 seconds
[2019.01.16-16.02.25:400][  0]LogLoad: (Engine Initialization) Total Blueprint compile time: 0.00 seconds
[2019.01.16-16.02.25:410][  0]LogWindowsTextInputMethodSystem: Display: IME system now deactivated.
[2019.01.16-16.02.25:427][  0]LogAssetRegistry: Asset discovery search completed in 3.6543 seconds
[2019.01.16-16.02.25:429][  0]LogCollectionManager: Rebuilt the object cache for 0 collections in 0.000000 seconds (found 0 objects)
[2019.01.16-16.02.25:429][  0]LogCollectionManager: Fixed up redirectors for 0 collections in 0.000037 seconds (updated 0 objects)
[2019.01.16-16.02.25:431][  0]LogContentStreaming: Texture pool size now 1000 MB
[2019.01.16-16.02.27:856][278]LogSlate: FSceneViewport::OnFocusLost() reason 0
[2019.01.16-16.02.27:960][290]LogSlate: Took 0.000158 seconds to synchronously load lazily loaded font '../../../Engine/Content/Slate/Fonts/Roboto-Light.ttf' (167K)
[2019.01.16-16.02.28:146][290]LogAIModule: Creating AISystem for world NBA_ICWhiteBox
[2019.01.16-16.02.31:027][529]LogAssetEditorManager: Opening Asset editor for World /Game/NBA_ICWhiteBox.NBA_ICWhiteBox
[2019.01.16-16.02.31:048][529]Cmd: MAP LOAD FILE="../../../../../../Users/u1129548/Documents/GitHub/NBA_AssetPipeline/NBA_icwhitebox001/Content/NBA_ICWhiteBox.umap" TEMPLATE=0 SHOWPROGRESS=1 FEATURELEVEL=3
[2019.01.16-16.02.31:048][529]LightingResults: New page: Lighting Build
[2019.01.16-16.02.31:049][529]LoadErrors: New page: Loading map: NBA_ICWhiteBox.umap
[2019.01.16-16.02.31:049][529]MapCheck: New page: Map Check
[2019.01.16-16.02.31:049][529]LightingResults: New page: Lighting Build
[2019.01.16-16.02.31:082][529]LogEditorServer: Finished looking for orphan Actors (0.000 secs)
[2019.01.16-16.02.31:162][529]Cmd: MAP CHECKDEP NOCLEARLOG
[2019.01.16-16.02.31:223][529]MapCheck: Map check complete: 0 Error(s), 0 Warning(s), took 61.349ms to complete.
[2019.01.16-16.02.31:225][529]LogFileHelpers: Loading map 'NBA_ICWhiteBox' took 0.177
[2019.01.16-16.02.39:193][180]LogAIModule: Creating AISystem for world NBA_OOCWhiteBox1
[2019.01.16-16.02.41:069][332]LogAssetEditorManager: Opening Asset editor for World /Game/NBA_OOCWhiteBox1.NBA_OOCWhiteBox1
[2019.01.16-16.02.42:930][332]LogSlate: Window 'Save Content' being destroyed
[2019.01.16-16.02.42:935][332]Cmd: MAP LOAD FILE="../../../../../../Users/u1129548/Documents/GitHub/NBA_AssetPipeline/NBA_icwhitebox001/Content/NBA_OOCWhiteBox1.umap" TEMPLATE=0 SHOWPROGRESS=1 FEATURELEVEL=3
[2019.01.16-16.02.42:937][332]LightingResults: New page: Lighting Build
[2019.01.16-16.02.42:938][332]LoadErrors: New page: Loading map: NBA_OOCWhiteBox1.umap
[2019.01.16-16.02.42:941][332]MapCheck: New page: Map Check
[2019.01.16-16.02.42:941][332]LightingResults: New page: Lighting Build
[2019.01.16-16.02.43:010][332]LogEditorServer: Finished looking for orphan Actors (0.000 secs)
[2019.01.16-16.02.43:076][332]Cmd: MAP CHECKDEP NOCLEARLOG
[2019.01.16-16.02.43:136][332]MapCheck: Map check complete: 0 Error(s), 0 Warning(s), took 60.473ms to complete.
[2019.01.16-16.02.43:142][332]LogFileHelpers: Loading map 'NBA_OOCWhiteBox1' took 0.208
[2019.01.16-16.02.49:822][ 87]LogSlate: FSceneViewport::OnFocusLost() reason 0
[2019.01.16-16.02.49:960][100]LogActorFactory: Actor Factory created Cube
[2019.01.16-16.02.51:961][333]LogActorFactory: Actor Factory created Cube
[2019.01.16-16.02.59:889][235]LogSlate: FSceneViewport::OnFocusLost() reason 0
[2019.01.16-16.03.04:762][793]Cmd: DELETE
[2019.01.16-16.03.04:762][793]Cmd: ACTOR DELETE
[2019.01.16-16.03.04:783][793]LogEditorActor: Deleted Actor: StaticMeshActor
[2019.01.16-16.03.04:804][793]LogEditorActor: Deleted 1 Actors (0.040 secs)
[2019.01.16-16.03.07:470][ 87]Cmd: BRUSH ADD SELECTNEWBRUSH
[2019.01.16-16.03.08:812][234]LogSlate: FSceneViewport::OnFocusLost() reason 0
[2019.01.16-16.04.03:454][184]LogSlate: FSceneViewport::OnFocusLost() reason 0
[2019.01.16-16.04.31:130][167]LogSlate: FSceneViewport::OnFocusLost() reason 2
[2019.01.16-16.04.37:019][845]Cmd: CAMERA ALIGN ACTIVEVIEWPORTONLY
[2019.01.16-16.04.38:305][978]Cmd: CAMERA ALIGN ACTIVEVIEWPORTONLY
[2019.01.16-16.04.51:257][404]LogSlate: FSceneViewport::OnFocusLost() reason 2
[2019.01.16-16.05.23:059][946]LogSlate: FSceneViewport::OnFocusLost() reason 0
[2019.01.16-16.05.25:733][230]Cmd: TRANSACTION UNDO
[2019.01.16-16.05.25:733][230]LogEditorTransaction: Undo Create Actors
[2019.01.16-16.05.25:751][230]LogPhysics: Warning: Found bad index buffer when cooking UModelComponent physics data! Component: /Game/NBA_OOCWhiteBox1.NBA_OOCWhiteBox1:PersistentLevel.ModelComponent_706, Buffer: 0, Buffer Size: 0, Element: 0
[2019.01.16-16.05.25:751][230]LogPhysics: Warning: Found bad index buffer when cooking UModelComponent physics data! Component: /Game/NBA_OOCWhiteBox1.NBA_OOCWhiteBox1:PersistentLevel.ModelComponent_706, Buffer: 0, Buffer Size: 0, Element: 1
[2019.01.16-16.05.25:751][230]LogPhysics: Warning: Found bad index buffer when cooking UModelComponent physics data! Component: /Game/NBA_OOCWhiteBox1.NBA_OOCWhiteBox1:PersistentLevel.ModelComponent_706, Buffer: 0, Buffer Size: 0, Element: 2
[2019.01.16-16.05.25:751][230]LogPhysics: Warning: Found bad index buffer when cooking UModelComponent physics data! Component: /Game/NBA_OOCWhiteBox1.NBA_OOCWhiteBox1:PersistentLevel.ModelComponent_706, Buffer: 0, Buffer Size: 0, Element: 3
[2019.01.16-16.05.25:751][230]LogPhysics: Warning: UBodySetup::GetCookInfo: Triangle data from '/Game/NBA_OOCWhiteBox1.NBA_OOCWhiteBox1:PersistentLevel.ModelComponent_706' invalid (6200 verts, 0 indices).
[2019.01.16-16.05.25:752][230]LogPhysics: Warning: Attempt to build physics data for /Game/NBA_OOCWhiteBox1.NBA_OOCWhiteBox1:PersistentLevel.ModelComponent_706.BodySetup_0 when we are unable to.
[2019.01.16-16.05.26:565][281]LogSlate: FSceneViewport::OnFocusLost() reason 0
[2019.01.16-16.05.39:376][704]LogSlate: FSceneViewport::OnFocusLost() reason 0
[2019.01.16-16.05.57:402][701]Cmd: EDCALLBACK SURFPROPS
[2019.01.16-16.05.58:129][770]Cmd: EDCALLBACK SURFPROPS
[2019.01.16-16.05.58:878][850]Cmd: EDCALLBACK SURFPROPS
[2019.01.16-16.06.00:655][ 50]LogSlate: FSceneViewport::OnFocusLost() reason 2
[2019.01.16-16.06.04:553][492]LogEditorViewport: Clicking Background
[2019.01.16-16.06.06:340][695]LogEditorViewport: Clicking Background
[2019.01.16-16.06.11:732][301]LogEditorViewport: Clicking Background
[2019.01.16-16.06.13:215][468]LogEditorViewport: Clicking Background
[2019.01.16-16.06.16:596][831]Cmd: DELETE
[2019.01.16-16.06.16:596][831]Cmd: ACTOR DELETE
[2019.01.16-16.06.16:620][831]LogEditorActor: Deleted Actor: Brush
[2019.01.16-16.06.16:922][831]LogEditorActor: Deleted 1 Actors (0.326 secs)
[2019.01.16-16.06.19:469][ 93]LogSlate: FSceneViewport::OnFocusLost() reason 0
[2019.01.16-16.06.22:331][388]Cmd: BRUSH ADD SELECTNEWBRUSH
[2019.01.16-16.06.29:193][176]LogSlate: FSceneViewport::OnFocusLost() reason 0
[2019.01.16-16.06.55:904][864]LogSlate: FSceneViewport::OnFocusLost() reason 0
[2019.01.16-16.07.13:686][964]LogSlate: FSceneViewport::OnFocusLost() reason 2
[2019.01.16-16.07.27:318][462]Cmd: CAMERA ALIGN ACTIVEVIEWPORTONLY
[2019.01.16-16.09.42:963][ 58]Cmd: DELETE
[2019.01.16-16.09.42:963][ 58]Cmd: ACTOR DELETE
[2019.01.16-16.09.42:989][ 58]LogEditorActor: Deleted Actor: Brush
[2019.01.16-16.09.43:307][ 58]LogEditorActor: Deleted 1 Actors (0.343 secs)
[2019.01.16-16.09.44:626][186]Cmd: DELETE
[2019.01.16-16.09.44:626][186]Cmd: ACTOR DELETE
[2019.01.16-16.09.44:648][186]LogEditorActor: Deleted Actor: Brush
[2019.01.16-16.09.44:954][186]LogEditorActor: Deleted 1 Actors (0.327 secs)
[2019.01.16-16.09.48:287][556]Cmd: DELETE
[2019.01.16-16.09.48:287][556]Cmd: ACTOR DELETE
[2019.01.16-16.09.48:311][556]LogEditorActor: Deleted Actor: Brush
[2019.01.16-16.09.48:621][556]LogEditorActor: Deleted 1 Actors (0.332 secs)
[2019.01.16-16.09.57:053][457]LogEditorViewport: Clicking on Actor (LMB): Brush (Brush_Building_2)
[2019.01.16-16.09.57:760][537]Cmd: DELETE
[2019.01.16-16.09.57:760][537]Cmd: ACTOR DELETE
[2019.01.16-16.09.57:780][537]LogEditorActor: Deleted Actor: Brush
[2019.01.16-16.09.58:081][537]LogEditorActor: Deleted 1 Actors (0.321 secs)
[2019.01.16-16.10.56:166][ 42]LogSlate: FSceneViewport::OnFocusLost() reason 0
[2019.01.16-16.12.42:438][355]LogSavePackage: Moving '../../../../../../Users/u1129548/Documents/GitHub/NBA_AssetPipeline/NBA_icwhitebox001/Saved/NBA_OOCWhiteBox1_Auto157D711FA46A23874CA448386B4CF2E29.tmp' to '../../../../../../Users/u1129548/Documents/GitHub/NBA_AssetPipeline/NBA_icwhitebox001/Saved/Autosaves/Game/NBA_OOCWhiteBox1_Auto1.umap'
[2019.01.16-16.12.42:446][355]LogFileHelpers: Editor autosave (incl. sublevels) for '/Game/NBA_OOCWhiteBox1' took 1.049
[2019.01.16-16.12.42:446][355]LogFileHelpers: Editor autosave (incl. sublevels) for all levels took 1.049
[2019.01.16-16.12.42:453][355]OBJ SavePackage: Generating thumbnails for [0] asset(s) in package [/Game/NBA_OOCWhiteBox1_BuiltData] ([1] browsable assets)...
[2019.01.16-16.12.42:453][355]OBJ SavePackage: Finished generating thumbnails for package [/Game/NBA_OOCWhiteBox1_BuiltData]
[2019.01.16-16.12.42:472][355]LogSavePackage: Moving '../../../../../../Users/u1129548/Documents/GitHub/NBA_AssetPipeline/NBA_icwhitebox001/Saved/NBA_OOCWhiteBox1_BuiltData_Auto185AB9A6B472E433D7A1643AD78EBA98D.tmp' to '../../../../../../Users/u1129548/Documents/GitHub/NBA_AssetPipeline/NBA_icwhitebox001/Saved/Autosaves/Game/NBA_OOCWhiteBox1_BuiltData_Auto1.uasset'
[2019.01.16-16.12.42:474][355]LogFileHelpers: Auto-saving content packages took 0.022
[2019.01.16-16.13.18:795][702]LogFactory: FactoryCreateFile: StaticMesh with FbxFactory (0 0 C:\Users\u1129548\Downloads\mann.obj)
[2019.01.16-16.13.18:830][702]LogFbx: Loading FBX Scene from C:\Users\u1129548\Downloads\mann.obj
[2019.01.16-16.13.18:910][702]LogFbx: FBX Scene Loaded Succesfully
[2019.01.16-16.13.21:911][702]LogSlate: Window 'FBX Import Options' being destroyed
[2019.01.16-16.13.22:109][702]LogMaterial: Display: Missing cached shader map for material SM_hatMat, compiling. 
[2019.01.16-16.13.22:154][702]LogShaderCompilers: Display: Shaders left to compile 22
[2019.01.16-16.13.22:154][702]LogShaderCompilers: Display: Shaders left to compile 12
[2019.01.16-16.13.22:154][702]LogShaderCompilers: Display: Shaders left to compile 2
[2019.01.16-16.13.22:154][702]LogFbx: Warning: Triangulating static mesh SM_hat
[2019.01.16-16.13.22:634][702]LogStaticMesh: Building static mesh mann...
[2019.01.16-16.13.22:766][702]LogStaticMesh: Built static mesh [0.13s] /Game/mann.mann
[2019.01.16-16.13.24:544][799]LogActorFactory: Actor Factory created mann
[2019.01.16-16.13.25:801][937]LogActorFactory: Actor Factory created mann
[2019.01.16-16.13.26:790][ 47]Cmd: CAMERA ALIGN ACTIVEVIEWPORTONLY
[2019.01.16-16.13.57:701][565]LogSlate: FSceneViewport::OnFocusLost() reason 0
[2019.01.16-16.15.06:236][372]LogSlate: FSceneViewport::OnFocusLost() reason 0
[2019.01.16-16.15.08:034][554]Cmd: BRUSH ADD SELECTNEWBRUSH
[2019.01.16-16.15.13:290][112]Cmd: TRANSACTION UNDO
[2019.01.16-16.15.13:290][112]LogEditorTransaction: Undo Move Actors
[2019.01.16-16.15.13:530][112]LogActorComponent: ~FComponentReregisterContext: (/Game/NBA_OOCWhiteBox1.NBA_OOCWhiteBox1:PersistentLevel.Brush_Street_101.BrushComponent0) Component already registered.
[2019.01.16-16.15.13:530][112]LogActorComponent: ~FComponentReregisterContext: (/Game/NBA_OOCWhiteBox1.NBA_OOCWhiteBox1:PersistentLevel.Brush_Sidewalk_40.BrushComponent0) Component already registered.
[2019.01.16-16.15.13:531][112]LogActorComponent: ~FComponentReregisterContext: (/Game/NBA_OOCWhiteBox1.NBA_OOCWhiteBox1:PersistentLevel.Brush_Street_105.BrushComponent0) Component already registered.
[2019.01.16-16.15.13:531][112]LogActorComponent: ~FComponentReregisterContext: (/Game/NBA_OOCWhiteBox1.NBA_OOCWhiteBox1:PersistentLevel.Brush_Sidewalk_41.BrushComponent0) Component already registered.
[2019.01.16-16.15.13:533][112]LogActorComponent: ~FComponentReregisterContext: (/Game/NBA_OOCWhiteBox1.NBA_OOCWhiteBox1:PersistentLevel.Brush_Grass_52.BrushComponent0) Component already registered.
[2019.01.16-16.15.13:534][112]LogActorComponent: ~FComponentReregisterContext: (/Game/NBA_OOCWhiteBox1.NBA_OOCWhiteBox1:PersistentLevel.Brush_Street_130.BrushComponent0) Component already registered.
[2019.01.16-16.15.13:535][112]LogActorComponent: ~FComponentReregisterContext: (/Game/NBA_OOCWhiteBox1.NBA_OOCWhiteBox1:PersistentLevel.Brush_Sidewalk_51.BrushComponent0) Component already registered.
[2019.01.16-16.15.13:536][112]LogActorComponent: ~FComponentReregisterContext: (/Game/NBA_OOCWhiteBox1.NBA_OOCWhiteBox1:PersistentLevel.Brush_Grass_57.BrushComponent0) Component already registered.
[2019.01.16-16.15.13:538][112]LogActorComponent: ~FComponentReregisterContext: (/Game/NBA_OOCWhiteBox1.NBA_OOCWhiteBox1:PersistentLevel.Brush_Sidewalk_90.BrushComponent0) Component already registered.
[2019.01.16-16.15.13:538][112]LogActorComponent: ~FComponentReregisterContext: (/Game/NBA_OOCWhiteBox1.NBA_OOCWhiteBox1:PersistentLevel.Brush_Sidewalk_94.BrushComponent0) Component already registered.
[2019.01.16-16.15.13:550][112]LogActorComponent: ~FComponentReregisterContext: (/Game/NBA_OOCWhiteBox1.NBA_OOCWhiteBox1:PersistentLevel.Brush_Street_199.BrushComponent0) Component already registered.
[2019.01.16-16.15.13:550][112]LogActorComponent: ~FComponentReregisterContext: (/Game/NBA_OOCWhiteBox1.NBA_OOCWhiteBox1:PersistentLevel.Brush_Sidewalk_23.BrushComponent0) Component already registered.
[2019.01.16-16.15.13:554][112]LogActorComponent: ~FComponentReregisterContext: (/Game/NBA_OOCWhiteBox1.NBA_OOCWhiteBox1:PersistentLevel.Brush_Grass_200.BrushComponent0) Component already registered.
[2019.01.16-16.15.13:555][112]LogActorComponent: ~FComponentReregisterContext: (/Game/NBA_OOCWhiteBox1.NBA_OOCWhiteBox1:PersistentLevel.Brush_Grass_204.BrushComponent0) Component already registered.
[2019.01.16-16.15.13:558][112]LogActorComponent: ~FComponentReregisterContext: (/Game/NBA_OOCWhiteBox1.NBA_OOCWhiteBox1:PersistentLevel.Brush_Grass_251.BrushComponent0) Component already registered.
[2019.01.16-16.15.13:565][112]LogActorComponent: ~FComponentReregisterContext: (/Game/NBA_OOCWhiteBox1.NBA_OOCWhiteBox1:PersistentLevel.Brush_Grass_96.BrushComponent0) Component already registered.
[2019.01.16-16.15.13:566][112]LogActorComponent: ~FComponentReregisterContext: (/Game/NBA_OOCWhiteBox1.NBA_OOCWhiteBox1:PersistentLevel.Brush_Grass_100.BrushComponent0) Component already registered.
[2019.01.16-16.15.13:567][112]LogActorComponent: ~FComponentReregisterContext: (/Game/NBA_OOCWhiteBox1.NBA_OOCWhiteBox1:PersistentLevel.Brush_Grass_104.BrushComponent0) Component already registered.
[2019.01.16-16.15.13:567][112]LogActorComponent: ~FComponentReregisterContext: (/Game/NBA_OOCWhiteBox1.NBA_OOCWhiteBox1:PersistentLevel.Brush_Grass_108.BrushComponent0) Component already registered.
[2019.01.16-16.15.13:569][112]LogActorComponent: ~FComponentReregisterContext: (/Game/NBA_OOCWhiteBox1.NBA_OOCWhiteBox1:PersistentLevel.Brush_Street_156.BrushComponent0) Component already registered.
[2019.01.16-16.15.13:569][112]LogActorComponent: ~FComponentReregisterContext: (/Game/NBA_OOCWhiteBox1.NBA_OOCWhiteBox1:PersistentLevel.Brush_Sidewalk_62.BrushComponent0) Component already registered.
[2019.01.16-16.15.13:570][112]LogActorComponent: ~FComponentReregisterContext: (/Game/NBA_OOCWhiteBox1.NBA_OOCWhiteBox1:PersistentLevel.Brush_Grass_148.BrushComponent0) Component already registered.
[2019.01.16-16.15.13:570][112]LogActorComponent: ~FComponentReregisterContext: (/Game/NBA_OOCWhiteBox1.NBA_OOCWhiteBox1:PersistentLevel.Brush_Grass_152.BrushComponent0) Component already registered.
[2019.01.16-16.15.14:594][200]Cmd: TRANSACTION UNDO
[2019.01.16-16.15.14:594][200]LogEditorTransaction: Undo Brush Add
[2019.01.16-16.15.16:283][375]LogSlate: FSceneViewport::OnFocusLost() reason 2
[2019.01.16-16.15.19:939][806]LogSlate: FSceneViewport::OnFocusLost() reason 2
[2019.01.16-16.15.20:937][806]LogSavePackage: Moving '../../../../../../Users/u1129548/Documents/GitHub/NBA_AssetPipeline/NBA_icwhitebox001/Saved/NBA_OOCWhiteBox182FD22FB4E1627B42339B58EF3358752.tmp' to '../../../../../../Users/u1129548/Documents/GitHub/NBA_AssetPipeline/NBA_icwhitebox001/Content/NBA_OOCWhiteBox1.umap'
[2019.01.16-16.15.20:992][806]LogFileHelpers: Saving map 'NBA_OOCWhiteBox1' took 1.040
[2019.01.16-16.15.21:017][806]LogSavePackage: Moving '../../../../../../Users/u1129548/Documents/GitHub/NBA_AssetPipeline/NBA_icwhitebox001/Saved/NBA_OOCWhiteBox1_BuiltData679BCD3E4E08C36E5F88F7BCCE9E0007.tmp' to '../../../../../../Users/u1129548/Documents/GitHub/NBA_AssetPipeline/NBA_icwhitebox001/Content/NBA_OOCWhiteBox1_BuiltData.uasset'
[2019.01.16-16.15.21:071][806]Cmd: OBJ SAVEPACKAGE PACKAGE="/Game/mann" FILE="../../../../../../Users/u1129548/Documents/GitHub/NBA_AssetPipeline/NBA_icwhitebox001/Content/mann.uasset" SILENT=true
[2019.01.16-16.15.21:090][806]LogSavePackage: Moving '../../../../../../Users/u1129548/Documents/GitHub/NBA_AssetPipeline/NBA_icwhitebox001/Saved/mann81684286493304E245A962B47B3054F8.tmp' to '../../../../../../Users/u1129548/Documents/GitHub/NBA_AssetPipeline/NBA_icwhitebox001/Content/mann.uasset'
[2019.01.16-16.15.21:118][806]Cmd: OBJ SAVEPACKAGE PACKAGE="/Game/SM_hatMat" FILE="../../../../../../Users/u1129548/Documents/GitHub/NBA_AssetPipeline/NBA_icwhitebox001/Content/SM_hatMat.uasset" SILENT=true
[2019.01.16-16.15.21:134][806]LogSavePackage: Moving '../../../../../../Users/u1129548/Documents/GitHub/NBA_AssetPipeline/NBA_icwhitebox001/Saved/SM_hatMat867EAA0E4BF1BC26F472BDA5D033897B.tmp' to '../../../../../../Users/u1129548/Documents/GitHub/NBA_AssetPipeline/NBA_icwhitebox001/Content/SM_hatMat.uasset'
[2019.01.16-16.15.24:752][233]LogSlate: FSceneViewport::OnFocusLost() reason 2
[2019.01.16-16.15.25:044][267]LogSlate: FSceneViewport::OnFocusLost() reason 2
[2019.01.16-16.15.25:403][309]LogSlate: FSceneViewport::OnFocusLost() reason 2
[2019.01.16-16.15.30:161][868]LogSlate: FSceneViewport::OnFocusLost() reason 0
[2019.01.16-16.15.30:339][878]LogSlate: Window 'NBA_icwhitebox001 - Unreal Editor' being destroyed
[2019.01.16-16.15.30:339][878]LogWindowsTextInputMethodSystem: Display: IME system now deactivated.
[2019.01.16-16.15.30:563][879]Cmd: QUIT_EDITOR
[2019.01.16-16.15.30:590][879]LogExit: Preparing to exit.
[2019.01.16-16.15.30:809][879]LogExit: Editor shut down
[2019.01.16-16.15.30:809][879]LogExit: Transaction tracking system shut down
[2019.01.16-16.15.30:937][879]LogExit: Object subsystem successfully closed.
[2019.01.16-16.15.30:955][879]LogShaderCompilers: Display: Shaders left to compile 0
[2019.01.16-16.15.30:958][879]LogD3D11RHI: Shutdown
[2019.01.16-16.15.30:958][879]LogD3D11RHI: CleanupD3DDevice
[2019.01.16-16.15.30:963][879]LogD3D11RHI: ~FD3D11DynamicRHI
[2019.01.16-16.15.30:988][879]LogModuleManager: Shutting down and abandoning module MeshBuilder (614)
[2019.01.16-16.15.30:988][879]LogModuleManager: Shutting down and abandoning module HierarchicalLODOutliner (612)
[2019.01.16-16.15.30:988][879]LogModuleManager: Shutting down and abandoning module SceneOutliner (610)
[2019.01.16-16.15.30:988][879]LogModuleManager: Shutting down and abandoning module AddContentDialog (608)
[2019.01.16-16.15.30:989][879]LogModuleManager: Shutting down and abandoning module WidgetCarousel (607)
[2019.01.16-16.15.30:989][879]LogModuleManager: Shutting down and abandoning module EditorWidgets (604)
[2019.01.16-16.15.30:989][879]LogModuleManager: Shutting down and abandoning module CollectionManager (602)
[2019.01.16-16.15.30:989][879]LogModuleManager: Shutting down and abandoning module HierarchicalLODUtilities (600)
[2019.01.16-16.15.30:990][879]LogModuleManager: Shutting down and abandoning module StatsViewer (598)
[2019.01.16-16.15.30:990][879]LogModuleManager: Shutting down and abandoning module FoliageEdit (596)
[2019.01.16-16.15.30:990][879]LogModuleManager: Shutting down and abandoning module LandscapeEditor (594)
[2019.01.16-16.15.30:990][879]LogModuleManager: Shutting down and abandoning module MeshPaintMode (592)
[2019.01.16-16.15.30:990][879]LogModuleManager: Shutting down and abandoning module SceneDepthPickerMode (590)
[2019.01.16-16.15.30:990][879]LogModuleManager: Shutting down and abandoning module ActorPickerMode (588)
[2019.01.16-16.15.30:990][879]LogModuleManager: Shutting down and abandoning module GeometryMode (586)
[2019.01.16-16.15.30:990][879]LogModuleManager: Shutting down and abandoning module TextureAlignMode (584)
[2019.01.16-16.15.30:990][879]LogModuleManager: Shutting down and abandoning module BspMode (582)
[2019.01.16-16.15.30:990][879]LogModuleManager: Shutting down and abandoning module PIEPreviewDeviceProfileSelector (580)
[2019.01.16-16.15.30:990][879]LogModuleManager: Shutting down and abandoning module SequenceRecorderSections (578)
[2019.01.16-16.15.30:990][879]LogModuleManager: Shutting down and abandoning module AutomationWorker (576)
[2019.01.16-16.15.30:990][879]LogModuleManager: Shutting down and abandoning module AudioCaptureEditor (574)
[2019.01.16-16.15.30:990][879]LogModuleManager: Shutting down and abandoning module SequenceRecorder (573)
[2019.01.16-16.15.30:990][879]LogModuleManager: Shutting down and abandoning module MatineeToLevelSequence (570)
[2019.01.16-16.15.30:990][879]LogModuleManager: Shutting down and abandoning module LevelSequenceEditor (568)
[2019.01.16-16.15.30:990][879]LogModuleManager: Shutting down and abandoning module PlacementMode (567)
[2019.01.16-16.15.30:990][879]LogModuleManager: Shutting down and abandoning module MaterialEditor (566)
[2019.01.16-16.15.30:990][879]LogModuleManager: Shutting down and abandoning module WmfMediaFactory (562)
[2019.01.16-16.15.30:990][879]LogModuleManager: Shutting down and abandoning module WmfMediaEditor (560)
[2019.01.16-16.15.30:990][879]LogModuleManager: Shutting down and abandoning module MediaPlayerEditor (558)
[2019.01.16-16.15.30:990][879]LogModuleManager: Shutting down and abandoning module OpenExrWrapper (556)
[2019.01.16-16.15.30:990][879]LogModuleManager: Shutting down and abandoning module ImgMediaFactory (554)
[2019.01.16-16.15.30:990][879]LogModuleManager: Shutting down and abandoning module ImgMediaEditor (552)
[2019.01.16-16.15.30:990][879]LogModuleManager: Shutting down and abandoning module AvfMediaFactory (550)
[2019.01.16-16.15.30:990][879]LogModuleManager: Shutting down and abandoning module AvfMediaEditor (548)
[2019.01.16-16.15.30:990][879]LogModuleManager: Shutting down and abandoning module AndroidMediaFactory (546)
[2019.01.16-16.15.30:990][879]LogModuleManager: Shutting down and abandoning module AndroidMediaEditor (544)
[2019.01.16-16.15.30:990][879]LogModuleManager: Shutting down and abandoning module MagicLeapCameraPreviewFactory (542)
[2019.01.16-16.15.30:990][879]LogModuleManager: Shutting down and abandoning module MagicLeapMediaFactory (540)
[2019.01.16-16.15.30:990][879]LogModuleManager: Shutting down and abandoning module MagicLeapMediaEditor (538)
[2019.01.16-16.15.30:991][879]LogModuleManager: Shutting down and abandoning module CharacterAI (536)
[2019.01.16-16.15.30:991][879]LogModuleManager: Shutting down and abandoning module SmartSnapping (534)
[2019.01.16-16.15.30:991][879]LogModuleManager: Shutting down and abandoning module SessionServices (532)
[2019.01.16-16.15.30:991][879]LogModuleManager: Shutting down and abandoning module ViewportSnapping (530)
[2019.01.16-16.15.30:991][879]LogModuleManager: Shutting down and abandoning module ViewportInteraction (528)
[2019.01.16-16.15.30:991][879]LogModuleManager: Shutting down and abandoning module ClothPainter (526)
[2019.01.16-16.15.30:991][879]LogModuleManager: Shutting down and abandoning module SkeletalMeshEditor (525)
[2019.01.16-16.15.30:991][879]LogModuleManager: Shutting down and abandoning module LogVisualizer (522)
[2019.01.16-16.15.30:991][879]LogModuleManager: Shutting down and abandoning module IntroTutorials (520)
[2019.01.16-16.15.30:991][879]LogModuleManager: Shutting down and abandoning module GameProjectGeneration (519)
[2019.01.16-16.15.30:991][879]LogModuleManager: Shutting down and abandoning module LuminPlatformEditor (516)
[2019.01.16-16.15.30:991][879]LogModuleManager: Shutting down and abandoning module IOSPlatformEditor (514)
[2019.01.16-16.15.30:991][879]LogModuleManager: Shutting down and abandoning module HTML5PlatformEditor (512)
[2019.01.16-16.15.30:991][879]LogModuleManager: Shutting down and abandoning module AndroidPlatformEditor (510)
[2019.01.16-16.15.30:991][879]LogModuleManager: Shutting down and abandoning module AndroidDeviceDetection (509)
[2019.01.16-16.15.31:782][879]LogModuleManager: Shutting down and abandoning module WindowsPlatformEditor (506)
[2019.01.16-16.15.31:782][879]LogModuleManager: Shutting down and abandoning module LuminRuntimeSettings (504)
[2019.01.16-16.15.31:782][879]LogModuleManager: Shutting down and abandoning module IOSRuntimeSettings (502)
[2019.01.16-16.15.31:782][879]LogModuleManager: Shutting down and abandoning module AndroidRuntimeSettings (500)
[2019.01.16-16.15.31:782][879]LogModuleManager: Shutting down and abandoning module InputBindingEditor (498)
[2019.01.16-16.15.31:782][879]LogModuleManager: Shutting down and abandoning module MergeActors (496)
[2019.01.16-16.15.31:782][879]LogModuleManager: Shutting down and abandoning module LocalizationDashboard (494)
[2019.01.16-16.15.31:782][879]LogModuleManager: Shutting down and abandoning module LocalizationService (493)
[2019.01.16-16.15.31:782][879]LogModuleManager: Shutting down and abandoning module HardwareTargeting (490)
[2019.01.16-16.15.31:782][879]LogModuleManager: Shutting down and abandoning module DeviceProfileEditor (488)
[2019.01.16-16.15.31:782][879]LogModuleManager: Shutting down and abandoning module UndoHistory (486)
[2019.01.16-16.15.31:782][879]LogModuleManager: Shutting down and abandoning module XmlParser (484)
[2019.01.16-16.15.31:782][879]LogModuleManager: Shutting down and abandoning module Blutility (482)
[2019.01.16-16.15.31:782][879]LogModuleManager: Shutting down and abandoning module ProjectSettingsViewer (480)
[2019.01.16-16.15.31:782][879]LogModuleManager: Shutting down and abandoning module ProjectTargetPlatformEditor (479)
[2019.01.16-16.15.31:783][879]LogModuleManager: Shutting down and abandoning module EditorSettingsViewer (476)
[2019.01.16-16.15.31:783][879]LogModuleManager: Shutting down and abandoning module SettingsEditor (474)
[2019.01.16-16.15.31:783][879]LogModuleManager: Shutting down and abandoning module ProjectLauncher (472)
[2019.01.16-16.15.31:783][879]LogModuleManager: Shutting down and abandoning module SessionFrontend (470)
[2019.01.16-16.15.31:783][879]LogModuleManager: Shutting down and abandoning module ProfilerClient (468)
[2019.01.16-16.15.31:783][879]LogModuleManager: Shutting down and abandoning module DeviceManager (466)
[2019.01.16-16.15.31:783][879]LogModuleManager: Shutting down and abandoning module TargetDeviceServices (465)
[2019.01.16-16.15.31:847][879]LogModuleManager: Shutting down and abandoning module AutomationController (462)
[2019.01.16-16.15.31:847][879]LogModuleManager: Shutting down and abandoning module AutomationWindow (460)
[2019.01.16-16.15.31:847][879]LogModuleManager: Shutting down and abandoning module Layers (458)
[2019.01.16-16.15.31:847][879]LogModuleManager: Shutting down and abandoning module ComponentVisualizers (456)
[2019.01.16-16.15.31:847][879]LogModuleManager: Shutting down and abandoning module DetailCustomizations (454)
[2019.01.16-16.15.31:847][879]LogModuleManager: Shutting down and abandoning module PackagesDialog (452)
[2019.01.16-16.15.31:847][879]LogModuleManager: Shutting down and abandoning module Persona (450)
[2019.01.16-16.15.31:847][879]LogModuleManager: Shutting down and abandoning module AdvancedPreviewScene (449)
[2019.01.16-16.15.31:847][879]LogModuleManager: Shutting down and abandoning module AnimGraph (447)
[2019.01.16-16.15.31:847][879]LogModuleManager: Shutting down and abandoning module Kismet (444)
[2019.01.16-16.15.31:848][879]LogModuleManager: Shutting down and abandoning module GraphEditor (442)
[2019.01.16-16.15.31:848][879]LogModuleManager: Shutting down and abandoning module ClassViewer (440)
[2019.01.16-16.15.31:848][879]LogModuleManager: Shutting down and abandoning module Toolbox (438)
[2019.01.16-16.15.31:848][879]LogModuleManager: Shutting down and abandoning module ModuleUI (436)
[2019.01.16-16.15.31:848][879]LogModuleManager: Shutting down and abandoning module MovieSceneTools (434)
[2019.01.16-16.15.31:848][879]LogModuleManager: Shutting down and abandoning module OutputLog (432)
[2019.01.16-16.15.31:848][879]LogModuleManager: Shutting down and abandoning module GammaUI (430)
[2019.01.16-16.15.31:848][879]LogModuleManager: Shutting down and abandoning module Documentation (428)
[2019.01.16-16.15.31:848][879]LogModuleManager: Shutting down and abandoning module MovieSceneTracks (426)
[2019.01.16-16.15.31:848][879]LogModuleManager: Shutting down and abandoning module MovieScene (424)
[2019.01.16-16.15.31:848][879]LogModuleManager: Shutting down and abandoning module StreamingPauseRendering (422)
[2019.01.16-16.15.31:848][879]LogModuleManager: Shutting down and abandoning module LauncherPlatform (420)
[2019.01.16-16.15.31:848][879]LogModuleManager: Shutting down and abandoning module AnalyticsET (418)
[2019.01.16-16.15.31:848][879]LogModuleManager: Shutting down and abandoning module PortalServices (416)
[2019.01.16-16.15.31:848][879]LogModuleManager: Shutting down and abandoning module PortalRpc (414)
[2019.01.16-16.15.31:848][879]LogModuleManager: Shutting down and abandoning module MessagingRpc (412)
[2019.01.16-16.15.31:848][879]LogModuleManager: Shutting down and abandoning module AIModule (410)
[2019.01.16-16.15.31:848][879]LogModuleManager: Shutting down and abandoning module GameplayDebugger (409)
[2019.01.16-16.15.31:848][879]LogModuleManager: Shutting down and abandoning module AITestSuite (407)
[2019.01.16-16.15.31:848][879]LogModuleManager: Shutting down and abandoning module NavigationSystem (405)
[2019.01.16-16.15.31:848][879]LogModuleManager: Shutting down and abandoning module DesktopPlatform (402)
[2019.01.16-16.15.31:848][879]LogModuleManager: Shutting down and abandoning module ProfilerService (400)
[2019.01.16-16.15.31:991][879]LogModuleManager: Shutting down and abandoning module TaskGraph (398)
[2019.01.16-16.15.31:992][879]LogModuleManager: Shutting down and abandoning module SteamVRController (396)
[2019.01.16-16.15.31:992][879]LogModuleManager: Shutting down and abandoning module ProceduralMeshComponentEditor (394)
[2019.01.16-16.15.31:992][879]LogModuleManager: Shutting down and abandoning module ProceduralMeshComponent (392)
[2019.01.16-16.15.31:992][879]LogModuleManager: Shutting down and abandoning module OculusInput (390)
[2019.01.16-16.15.31:992][879]LogModuleManager: Shutting down and abandoning module MobilePatchingUtils (388)
[2019.01.16-16.15.31:992][879]LogModuleManager: Shutting down and abandoning module EditableMesh (386)
[2019.01.16-16.15.31:992][879]LogModuleManager: Shutting down and abandoning module CustomMeshComponent (384)
[2019.01.16-16.15.31:992][879]LogModuleManager: Shutting down and abandoning module CableComponent (382)
[2019.01.16-16.15.31:992][879]LogModuleManager: Shutting down and abandoning module AudioCapture (380)
[2019.01.16-16.15.31:992][879]LogModuleManager: Shutting down and abandoning module ArchVisCharacter (378)
[2019.01.16-16.15.31:992][879]LogModuleManager: Shutting down and abandoning module AndroidPermission (376)
[2019.01.16-16.15.31:992][879]LogModuleManager: Shutting down and abandoning module NUTUnrealEngine4 (374)
[2019.01.16-16.15.31:992][879]LogModuleManager: Shutting down and abandoning module NetcodeUnitTest (372)
[2019.01.16-16.15.31:992][879]LogModuleManager: Shutting down and abandoning module MediaCompositingEditor (370)
[2019.01.16-16.15.31:992][879]LogModuleManager: Shutting down and abandoning module MediaCompositing (368)
[2019.01.16-16.15.31:992][879]LogModuleManager: Shutting down and abandoning module LinearTimecode (366)
[2019.01.16-16.15.31:992][879]LogModuleManager: Shutting down and abandoning module ImgMedia (364)
[2019.01.16-16.15.31:995][879]LogModuleManager: Shutting down and abandoning module HTML5Networking (362)
[2019.01.16-16.15.31:996][879]LogModuleManager: Shutting down and abandoning module GeometryCacheTracks (360)
[2019.01.16-16.15.31:996][879]LogModuleManager: Shutting down and abandoning module GeometryCacheSequencer (358)
[2019.01.16-16.15.31:996][879]LogModuleManager: Shutting down and abandoning module BackChannel (356)
[2019.01.16-16.15.31:996][879]LogModuleManager: Shutting down and abandoning module AppleVision (354)
[2019.01.16-16.15.31:996][879]LogModuleManager: Shutting down and abandoning module AppleImageUtils (352)
[2019.01.16-16.15.31:996][879]LogModuleManager: Shutting down and abandoning module AlembicImporter (350)
[2019.01.16-16.15.31:996][879]LogModuleManager: Shutting down and abandoning module AlembicLibrary (349)
[2019.01.16-16.15.31:996][879]LogModuleManager: Shutting down and abandoning module GeometryCache (348)
[2019.01.16-16.15.31:996][879]LogModuleManager: Shutting down and abandoning module GeometryCacheEd (347)
[2019.01.16-16.15.31:996][879]LogModuleManager: Shutting down and abandoning module DatasmithContentEditor (342)
[2019.01.16-16.15.31:996][879]LogModuleManager: Shutting down and abandoning module DatasmithContent (340)
[2019.01.16-16.15.31:996][879]LogModuleManager: Shutting down and abandoning module SpeedTreeImporter (338)
[2019.01.16-16.15.31:996][879]LogModuleManager: Shutting down and abandoning module PluginBrowser (336)
[2019.01.16-16.15.31:996][879]LogModuleManager: Shutting down and abandoning module MobileLauncherProfileWizard (334)
[2019.01.16-16.15.31:996][879]LogModuleManager: Shutting down and abandoning module PolygonModeling (332)
[2019.01.16-16.15.31:996][879]LogModuleManager: Shutting down and abandoning module MeshEditor (330)
[2019.01.16-16.15.31:996][879]LogModuleManager: Shutting down and abandoning module CryptoKeysOpenSSL (328)
[2019.01.16-16.15.31:996][879]LogModuleManager: Shutting down and abandoning module CryptoKeys (326)
[2019.01.16-16.15.31:996][879]LogModuleManager: Shutting down and abandoning module VisualStudioSourceCodeAccess (324)
[2019.01.16-16.15.31:996][879]LogModuleManager: Shutting down and abandoning module VisualStudioCodeSourceCodeAccess (322)
[2019.01.16-16.15.31:997][879]LogModuleManager: Shutting down and abandoning module UObjectPlugin (320)
[2019.01.16-16.15.31:997][879]LogModuleManager: Shutting down and abandoning module SubversionSourceControl (318)
[2019.01.16-16.15.31:997][879]LogModuleManager: Shutting down and abandoning module PerforceSourceControl (316)
[2019.01.16-16.15.31:997][879]LogModuleManager: Shutting down and abandoning module GitSourceControl (314)
[2019.01.16-16.15.31:997][879]LogModuleManager: Shutting down and abandoning module SourceControl (313)
[2019.01.16-16.15.31:997][879]LogModuleManager: Shutting down and abandoning module CLionSourceCodeAccess (310)
[2019.01.16-16.15.31:997][879]LogModuleManager: Shutting down and abandoning module LightPropagationVolumeEditor (308)
[2019.01.16-16.15.31:997][879]LogModuleManager: Shutting down and abandoning module PaperTiledImporter (306)
[2019.01.16-16.15.31:997][879]LogModuleManager: Shutting down and abandoning module PaperSpriteSheetImporter (304)
[2019.01.16-16.15.31:997][879]LogModuleManager: Shutting down and abandoning module Paper2DEditor (302)
[2019.01.16-16.15.31:997][879]LogModuleManager: Shutting down and abandoning module MeshPaint (301)
[2019.01.16-16.15.31:997][879]LogModuleManager: Shutting down and abandoning module RuntimePhysXCooking (298)
[2019.01.16-16.15.31:997][879]LogModuleManager: Shutting down and abandoning module PhysXVehiclesEditor (296)
[2019.01.16-16.15.31:997][879]LogModuleManager: Shutting down and abandoning module PhysXVehicles (294)
[2019.01.16-16.15.31:997][879]LogModuleManager: Shutting down and abandoning module OculusEditor (292)
[2019.01.16-16.15.31:997][879]LogModuleManager: Shutting down and abandoning module LocationServicesBPLibrary (290)
[2019.01.16-16.15.31:997][879]LogModuleManager: Shutting down and abandoning module ImmediatePhysicsEditor (288)
[2019.01.16-16.15.31:997][879]LogModuleManager: Shutting down and abandoning module ImmediatePhysics (286)
[2019.01.16-16.15.31:997][879]LogModuleManager: Shutting down and abandoning module ActorSequence (284)
[2019.01.16-16.15.31:997][879]LogModuleManager: Shutting down and abandoning module UdpMessaging (282)
[2019.01.16-16.15.32:098][879]LogModuleManager: Shutting down and abandoning module TcpMessaging (280)
[2019.01.16-16.15.32:199][879]LogModuleManager: Shutting down and abandoning module MagicLeapAudio (278)
[2019.01.16-16.15.32:199][879]LogModuleManager: Shutting down and abandoning module GameplayTagsEditor (276)
[2019.01.16-16.15.32:199][879]LogModuleManager: Shutting down and abandoning module FacialAnimationEditor (274)
[2019.01.16-16.15.32:199][879]LogModuleManager: Shutting down and abandoning module FacialAnimation (272)
[2019.01.16-16.15.32:199][879]LogModuleManager: Shutting down and abandoning module DataValidation (270)
[2019.01.16-16.15.32:199][879]LogModuleManager: Shutting down and abandoning module AssetManagerEditor (268)
[2019.01.16-16.15.32:199][879]LogModuleManager: Shutting down and abandoning module LevelEditor (267)
[2019.01.16-16.15.32:199][879]LogModuleManager: Shutting down and abandoning module PixelInspectorModule (266)
[2019.01.16-16.15.32:199][879]LogModuleManager: Shutting down and abandoning module CommonMenuExtensions (264)
[2019.01.16-16.15.32:199][879]LogModuleManager: Shutting down and abandoning module MainFrame (262)
[2019.01.16-16.15.32:199][879]LogModuleManager: Shutting down and abandoning module HotReload (261)
[2019.01.16-16.15.32:200][879]LogModuleManager: Shutting down and abandoning module ContentBrowser (257)
[2019.01.16-16.15.32:201][879]LogModuleManager: Shutting down and abandoning module TreeMap (255)
[2019.01.16-16.15.32:201][879]LogModuleManager: Shutting down and abandoning module LightPropagationVolumeRuntime (252)
[2019.01.16-16.15.32:201][879]LogModuleManager: Shutting down and abandoning module AISupportModule (250)
[2019.01.16-16.15.32:201][879]LogModuleManager: Shutting down and abandoning module Paper2D (248)
[2019.01.16-16.15.32:201][879]LogModuleManager: Shutting down and abandoning module WindowsMoviePlayer (246)
[2019.01.16-16.15.32:201][879]LogModuleManager: Shutting down and abandoning module WmfMedia (244)
[2019.01.16-16.15.32:202][879]LogModuleManager: Shutting down and abandoning module Media (243)
[2019.01.16-16.15.32:208][879]LogModuleManager: Shutting down and abandoning module PacketHandler (240)
[2019.01.16-16.15.32:208][879]LogModuleManager: Shutting down and abandoning module ClothingSystemEditor (238)
[2019.01.16-16.15.32:208][879]LogModuleManager: Shutting down and abandoning module ClothingSystemRuntime (236)
[2019.01.16-16.15.32:208][879]LogModuleManager: Shutting down and abandoning module MediaAssets (234)
[2019.01.16-16.15.32:208][879]LogModuleManager: Shutting down and abandoning module Overlay (232)
[2019.01.16-16.15.32:208][879]LogModuleManager: Shutting down and abandoning module OverlayEditor (231)
[2019.01.16-16.15.32:208][879]LogModuleManager: Shutting down and abandoning module VREditor (228)
[2019.01.16-16.15.32:208][879]LogModuleManager: Shutting down and abandoning module StringTableEditor (226)
[2019.01.16-16.15.32:208][879]LogModuleManager: Shutting down and abandoning module GameplayTasksEditor (224)
[2019.01.16-16.15.32:208][879]LogModuleManager: Shutting down and abandoning module BehaviorTreeEditor (222)
[2019.01.16-16.15.32:208][879]LogModuleManager: Shutting down and abandoning module FunctionalTesting (220)
[2019.01.16-16.15.32:208][879]LogModuleManager: Shutting down and abandoning module CollisionAnalyzer (218)
[2019.01.16-16.15.32:208][879]LogModuleManager: Shutting down and abandoning module WorkspaceMenuStructure (217)
[2019.01.16-16.15.32:208][879]LogModuleManager: Shutting down and abandoning module UMG (214)
[2019.01.16-16.15.32:208][879]LogModuleManager: Shutting down and abandoning module UMGEditor (213)
[2019.01.16-16.15.32:208][879]LogModuleManager: Shutting down and abandoning module Sequencer (212)
[2019.01.16-16.15.32:208][879]LogModuleManager: Shutting down and abandoning module MessageLog (209)
[2019.01.16-16.15.32:208][879]LogModuleManager: Shutting down and abandoning module SlateReflector (204)
[2019.01.16-16.15.32:208][879]LogModuleManager: Shutting down and abandoning module Slate (202)
[2019.01.16-16.15.32:208][879]LogModuleManager: Shutting down and abandoning module EditorStyle (200)
[2019.01.16-16.15.32:210][879]LogModuleManager: Shutting down and abandoning module MRMesh (198)
[2019.01.16-16.15.32:210][879]LogModuleManager: Shutting down and abandoning module SourceCodeAccess (196)
[2019.01.16-16.15.32:210][879]LogModuleManager: Shutting down and abandoning module HeadMountedDisplay (194)
[2019.01.16-16.15.32:210][879]LogModuleManager: Shutting down and abandoning module XAudio2 (192)
[2019.01.16-16.15.32:210][879]LogModuleManager: Shutting down and abandoning module Networking (190)
[2019.01.16-16.15.32:210][879]LogModuleManager: Shutting down and abandoning module Core (188)
[2019.01.16-16.15.32:210][879]LogModuleManager: Shutting down and abandoning module LevelSequence (186)
[2019.01.16-16.15.32:210][879]LogModuleManager: Shutting down and abandoning module KismetCompiler (184)
[2019.01.16-16.15.32:210][879]LogModuleManager: Shutting down and abandoning module MeshUtilities (182)
[2019.01.16-16.15.32:210][879]LogModuleManager: Shutting down and abandoning module MeshMergeUtilities (181)
[2019.01.16-16.15.32:210][879]LogModuleManager: Shutting down and abandoning module MeshReductionInterface (180)
[2019.01.16-16.15.32:210][879]LogModuleManager: Shutting down and abandoning module SimplygonSwarm (179)
[2019.01.16-16.15.32:210][879]LogModuleManager: Shutting down and abandoning module ProxyLODMeshReduction (177)
[2019.01.16-16.15.32:210][879]LogModuleManager: Shutting down and abandoning module SimplygonMeshReduction (175)
[2019.01.16-16.15.32:210][879]LogModuleManager: Shutting down and abandoning module QuadricMeshReduction (173)
[2019.01.16-16.15.32:210][879]LogModuleManager: Shutting down and abandoning module MaterialBaking (169)
[2019.01.16-16.15.32:210][879]LogModuleManager: Shutting down and abandoning module DirectoryWatcher (165)
[2019.01.16-16.15.32:210][879]LogModuleManager: Shutting down and abandoning module DerivedDataCache (162)
[2019.01.16-16.15.32:215][879]LogDerivedDataCache: Shutdown
[2019.01.16-16.15.32:215][879]LogModuleManager: Shutting down and abandoning module XGEController (160)
[2019.01.16-16.15.32:215][879]LogModuleManager: Shutting down and abandoning module TargetPlatform (158)
[2019.01.16-16.15.32:215][879]LogModuleManager: Shutting down and abandoning module VulkanShaderFormat (157)
[2019.01.16-16.15.32:215][879]LogModuleManager: Shutting down and abandoning module ShaderFormatVectorVM (155)
[2019.01.16-16.15.32:215][879]LogModuleManager: Shutting down and abandoning module ShaderFormatOpenGL (153)
[2019.01.16-16.15.32:215][879]LogModuleManager: Shutting down and abandoning module ShaderFormatD3D (151)
[2019.01.16-16.15.32:215][879]LogModuleManager: Shutting down and abandoning module MetalShaderFormat (149)
[2019.01.16-16.15.32:215][879]LogModuleManager: Shutting down and abandoning module TextureFormatUncompressed (147)
[2019.01.16-16.15.32:215][879]LogModuleManager: Shutting down and abandoning module TextureFormatPVR (145)
[2019.01.16-16.15.32:215][879]LogModuleManager: Shutting down and abandoning module TextureFormatDXT (143)
[2019.01.16-16.15.32:215][879]LogModuleManager: Shutting down and abandoning module TextureFormatIntelISPCTexComp (141)
[2019.01.16-16.15.32:215][879]LogModuleManager: Shutting down and abandoning module TextureFormatASTC (139)
[2019.01.16-16.15.32:215][879]LogModuleManager: Shutting down and abandoning module ImageWrapper (138)
[2019.01.16-16.15.32:215][879]LogModuleManager: Shutting down and abandoning module TextureFormatAndroid (135)
[2019.01.16-16.15.32:215][879]LogModuleManager: Shutting down and abandoning module AudioFormatOpus (133)
[2019.01.16-16.15.32:215][879]LogModuleManager: Shutting down and abandoning module AudioFormatOgg (131)
[2019.01.16-16.15.32:215][879]LogModuleManager: Shutting down and abandoning module AudioFormatADPCM (129)
[2019.01.16-16.15.32:215][879]LogModuleManager: Shutting down and abandoning module LuminTargetPlatform (127)
[2019.01.16-16.15.32:215][879]LogModuleManager: Shutting down and abandoning module LinuxTargetPlatform (125)
[2019.01.16-16.15.32:215][879]LogModuleManager: Shutting down and abandoning module LinuxServerTargetPlatform (123)
[2019.01.16-16.15.32:215][879]LogModuleManager: Shutting down and abandoning module LinuxNoEditorTargetPlatform (121)
[2019.01.16-16.15.32:215][879]LogModuleManager: Shutting down and abandoning module LinuxClientTargetPlatform (119)
[2019.01.16-16.15.32:216][879]LogModuleManager: Shutting down and abandoning module TVOSTargetPlatform (117)
[2019.01.16-16.15.32:216][879]LogModuleManager: Shutting down and abandoning module Messaging (115)
[2019.01.16-16.15.32:216][879]LogModuleManager: Shutting down and abandoning module IOSTargetPlatform (113)
[2019.01.16-16.15.32:217][879]LogModuleManager: Shutting down and abandoning module HTML5TargetPlatform (111)
[2019.01.16-16.15.32:217][879]LogModuleManager: Shutting down and abandoning module AndroidTargetPlatform (109)
[2019.01.16-16.15.32:223][879]LogModuleManager: Shutting down and abandoning module WindowsTargetPlatform (107)
[2019.01.16-16.15.32:223][879]LogModuleManager: Shutting down and abandoning module WindowsServerTargetPlatform (105)
[2019.01.16-16.15.32:223][879]LogModuleManager: Shutting down and abandoning module WindowsNoEditorTargetPlatform (103)
[2019.01.16-16.15.32:223][879]LogModuleManager: Shutting down and abandoning module WindowsClientTargetPlatform (101)
[2019.01.16-16.15.32:223][879]LogModuleManager: Shutting down and abandoning module MacTargetPlatform (99)
[2019.01.16-16.15.32:223][879]LogModuleManager: Shutting down and abandoning module MacServerTargetPlatform (97)
[2019.01.16-16.15.32:223][879]LogModuleManager: Shutting down and abandoning module MacNoEditorTargetPlatform (95)
[2019.01.16-16.15.32:223][879]LogModuleManager: Shutting down and abandoning module MacClientTargetPlatform (93)
[2019.01.16-16.15.32:223][879]LogModuleManager: Shutting down and abandoning module AllDesktopTargetPlatform (91)
[2019.01.16-16.15.32:223][879]LogModuleManager: Shutting down and abandoning module InputCore (88)
[2019.01.16-16.15.32:223][879]LogModuleManager: Shutting down and abandoning module Settings (86)
[2019.01.16-16.15.32:223][879]LogModuleManager: Shutting down and abandoning module PhysXCooking (84)
[2019.01.16-16.15.32:223][879]LogModuleManager: Shutting down and abandoning module SteamVR (82)
[2019.01.16-16.15.32:223][879]LogModuleManager: Shutting down and abandoning module OculusHMD (80)
[2019.01.16-16.15.32:223][879]LogModuleManager: Shutting down and abandoning module ExampleDeviceProfileSelector (78)
[2019.01.16-16.15.32:223][879]LogModuleManager: Shutting down and abandoning module LauncherChunkInstaller (76)
[2019.01.16-16.15.32:223][879]LogModuleManager: Shutting down and abandoning module OnlineBlueprintSupport (74)
[2019.01.16-16.15.32:223][879]LogModuleManager: Shutting down and abandoning module OnlineSubsystem (70)
[2019.01.16-16.15.32:224][879]LogModuleManager: Shutting down and abandoning module XMPP (65)
[2019.01.16-16.15.32:224][879]LogModuleManager: Shutting down and abandoning module WebSockets (64)
[2019.01.16-16.15.32:243][879]LogModuleManager: Shutting down and abandoning module HTTP (61)
[2019.01.16-16.15.32:243][879]LogHttp: Display: Http module shutting down, but needs to wait on 1 outstanding Http requests:
[2019.01.16-16.15.32:243][879]LogHttp: Display: 	verb=[POST] url=[https://datarouter.ol.epicgames.com/datarouter/api/v1/public/data?SessionID=%7B5A3D34FB-49D9-9536-C7EE-ADA6794F73D6%7D&AppID=UEEditor.Rocket.Release&AppVersion=4.20.3-4369336%2B%2B%2BUE4%2BRelease-4.20&UserID=642d49a648f6adb3dffb7d80fdc69692%7C23e2bb89a1fb4b5fb22f850da633a2c9%7Ce7b110cc-1a49-4b3b-976f-10b06697675e&AppEnvironment=datacollector-binary&UploadType=eteventstream] status=Processing
[2019.01.16-16.15.32:273][879]LogModuleManager: Shutting down and abandoning module SSL (60)
[2019.01.16-16.15.32:273][879]LogModuleManager: Shutting down and abandoning module MagicLeapEmulator (56)
[2019.01.16-16.15.32:273][879]LogModuleManager: Shutting down and abandoning module MagicLeapPrivileges (54)
[2019.01.16-16.15.32:273][879]LogModuleManager: Shutting down and abandoning module MagicLeapIdentity (52)
[2019.01.16-16.15.32:273][879]LogModuleManager: Shutting down and abandoning module MagicLeapHelperVulkan (50)
[2019.01.16-16.15.32:273][879]LogModuleManager: Shutting down and abandoning module MagicLeapHelperOpenGL (48)
[2019.01.16-16.15.32:273][879]LogModuleManager: Shutting down and abandoning module MagicLeapSecureStorage (46)
[2019.01.16-16.15.32:274][879]LogModuleManager: Shutting down and abandoning module MagicLeapGestures (44)
[2019.01.16-16.15.32:274][879]LogModuleManager: Shutting down and abandoning module MagicLeapEyeTracker (42)
[2019.01.16-16.15.32:274][879]LogModuleManager: Shutting down and abandoning module MagicLeapController (40)
[2019.01.16-16.15.32:274][879]LogSlate: Slate User Destroyed.  User Index 0, Is Virtual User: 0
[2019.01.16-16.15.32:274][879]LogModuleManager: Shutting down and abandoning module MagicLeap (38)
[2019.01.16-16.15.32:274][879]LogModuleManager: Shutting down and abandoning module AnimationModifiers (36)
[2019.01.16-16.15.32:274][879]LogModuleManager: Shutting down and abandoning module PropertyEditor (35)
[2019.01.16-16.15.32:274][879]LogModuleManager: Shutting down and abandoning module AudioEditor (32)
[2019.01.16-16.15.32:274][879]LogModuleManager: Shutting down and abandoning module TextureCompressor (30)
[2019.01.16-16.15.32:274][879]LogModuleManager: Shutting down and abandoning module ShaderCore (28)
[2019.01.16-16.15.32:274][879]LogModuleManager: Shutting down and abandoning module Landscape (26)
[2019.01.16-16.15.32:274][879]LogModuleManager: Shutting down and abandoning module SlateRHIRenderer (24)
[2019.01.16-16.15.32:274][879]LogModuleManager: Shutting down and abandoning module OpenGLDrv (22)
[2019.01.16-16.15.32:274][879]LogModuleManager: Shutting down and abandoning module D3D11RHI (20)
[2019.01.16-16.15.32:274][879]LogModuleManager: Shutting down and abandoning module AnimGraphRuntime (18)
[2019.01.16-16.15.32:274][879]LogModuleManager: Shutting down and abandoning module Renderer (16)
[2019.01.16-16.15.32:274][879]LogModuleManager: Shutting down and abandoning module Engine (14)
[2019.01.16-16.15.32:274][879]LogModuleManager: Shutting down and abandoning module CoreUObject (12)
[2019.01.16-16.15.32:274][879]LogModuleManager: Shutting down and abandoning module NetworkFile (10)
[2019.01.16-16.15.32:274][879]LogModuleManager: Shutting down and abandoning module CookedIterativeFile (8)
[2019.01.16-16.15.32:274][879]LogModuleManager: Shutting down and abandoning module StreamingFile (6)
[2019.01.16-16.15.32:274][879]LogModuleManager: Shutting down and abandoning module SandboxFile (4)
[2019.01.16-16.15.32:274][879]LogModuleManager: Shutting down and abandoning module PakFile (2)
[2019.01.16-16.15.32:281][879]LogExit: Exiting.
[2019.01.16-16.15.32:302][879]Log file closed, 01/16/19 09:15:32
